<?xml version="1.0" encoding="UTF-8"?>
<testsuite xmlns:xsi="http://www.w3.org/2001/XMLSchema-instance" xsi:noNamespaceSchemaLocation="https://maven.apache.org/surefire/maven-surefire-plugin/xsd/surefire-test-report.xsd" name="org.one.OneStudioApplicationTests" time="6.48" tests="1" errors="0" skipped="0" failures="0">
  <properties>
    <property name="sun.desktop" value="windows"/>
    <property name="awt.toolkit" value="sun.awt.windows.WToolkit"/>
    <property name="file.encoding.pkg" value="sun.io"/>
    <property name="java.specification.version" value="1.8"/>
    <property name="sun.cpu.isalist" value="amd64"/>
    <property name="sun.jnu.encoding" value="GBK"/>
    <property name="java.class.path" value="E:\IDEA Workspace\ebnergy\target\test-classes;E:\IDEA Workspace\ebnergy\target\classes;E:\repository\org\springframework\boot\spring-boot-starter\2.0.3.RELEASE\spring-boot-starter-2.0.3.RELEASE.jar;E:\repository\org\springframework\boot\spring-boot\2.0.3.RELEASE\spring-boot-2.0.3.RELEASE.jar;E:\repository\org\springframework\spring-context\5.0.7.RELEASE\spring-context-5.0.7.RELEASE.jar;E:\repository\org\springframework\boot\spring-boot-autoconfigure\2.0.3.RELEASE\spring-boot-autoconfigure-2.0.3.RELEASE.jar;E:\repository\org\springframework\boot\spring-boot-starter-logging\2.0.3.RELEASE\spring-boot-starter-logging-2.0.3.RELEASE.jar;E:\repository\org\apache\logging\log4j\log4j-to-slf4j\2.10.0\log4j-to-slf4j-2.10.0.jar;E:\repository\org\apache\logging\log4j\log4j-api\2.10.0\log4j-api-2.10.0.jar;E:\repository\org\slf4j\jul-to-slf4j\1.7.25\jul-to-slf4j-1.7.25.jar;E:\repository\javax\annotation\javax.annotation-api\1.3.2\javax.annotation-api-1.3.2.jar;E:\repository\org\springframework\spring-core\5.0.7.RELEASE\spring-core-5.0.7.RELEASE.jar;E:\repository\org\springframework\spring-jcl\5.0.7.RELEASE\spring-jcl-5.0.7.RELEASE.jar;E:\repository\org\yaml\snakeyaml\1.19\snakeyaml-1.19.jar;E:\repository\org\springframework\boot\spring-boot-starter-test\2.0.3.RELEASE\spring-boot-starter-test-2.0.3.RELEASE.jar;E:\repository\org\springframework\boot\spring-boot-test\2.0.3.RELEASE\spring-boot-test-2.0.3.RELEASE.jar;E:\repository\org\springframework\boot\spring-boot-test-autoconfigure\2.0.3.RELEASE\spring-boot-test-autoconfigure-2.0.3.RELEASE.jar;E:\repository\com\jayway\jsonpath\json-path\2.4.0\json-path-2.4.0.jar;E:\repository\net\minidev\json-smart\2.3\json-smart-2.3.jar;E:\repository\net\minidev\accessors-smart\1.2\accessors-smart-1.2.jar;E:\repository\org\ow2\asm\asm\5.0.4\asm-5.0.4.jar;E:\repository\junit\junit\4.12\junit-4.12.jar;E:\repository\org\mockito\mockito-core\2.15.0\mockito-core-2.15.0.jar;E:\repository\net\bytebuddy\byte-buddy\1.7.11\byte-buddy-1.7.11.jar;E:\repository\net\bytebuddy\byte-buddy-agent\1.7.11\byte-buddy-agent-1.7.11.jar;E:\repository\org\objenesis\objenesis\2.6\objenesis-2.6.jar;E:\repository\org\hamcrest\hamcrest-core\1.3\hamcrest-core-1.3.jar;E:\repository\org\hamcrest\hamcrest-library\1.3\hamcrest-library-1.3.jar;E:\repository\org\skyscreamer\jsonassert\1.5.0\jsonassert-1.5.0.jar;E:\repository\com\vaadin\external\google\android-json\0.0.20131108.vaadin1\android-json-0.0.20131108.vaadin1.jar;E:\repository\org\xmlunit\xmlunit-core\2.5.1\xmlunit-core-2.5.1.jar;E:\repository\org\springframework\boot\spring-boot-starter-web\2.0.3.RELEASE\spring-boot-starter-web-2.0.3.RELEASE.jar;E:\repository\org\springframework\boot\spring-boot-starter-json\2.0.3.RELEASE\spring-boot-starter-json-2.0.3.RELEASE.jar;E:\repository\com\fasterxml\jackson\core\jackson-databind\2.9.6\jackson-databind-2.9.6.jar;E:\repository\com\fasterxml\jackson\core\jackson-annotations\2.9.0\jackson-annotations-2.9.0.jar;E:\repository\com\fasterxml\jackson\core\jackson-core\2.9.6\jackson-core-2.9.6.jar;E:\repository\com\fasterxml\jackson\datatype\jackson-datatype-jdk8\2.9.6\jackson-datatype-jdk8-2.9.6.jar;E:\repository\com\fasterxml\jackson\datatype\jackson-datatype-jsr310\2.9.6\jackson-datatype-jsr310-2.9.6.jar;E:\repository\com\fasterxml\jackson\module\jackson-module-parameter-names\2.9.6\jackson-module-parameter-names-2.9.6.jar;E:\repository\org\springframework\boot\spring-boot-starter-tomcat\2.0.3.RELEASE\spring-boot-starter-tomcat-2.0.3.RELEASE.jar;E:\repository\org\apache\tomcat\embed\tomcat-embed-core\8.5.31\tomcat-embed-core-8.5.31.jar;E:\repository\org\apache\tomcat\embed\tomcat-embed-el\8.5.31\tomcat-embed-el-8.5.31.jar;E:\repository\org\apache\tomcat\embed\tomcat-embed-websocket\8.5.31\tomcat-embed-websocket-8.5.31.jar;E:\repository\org\hibernate\validator\hibernate-validator\6.0.10.Final\hibernate-validator-6.0.10.Final.jar;E:\repository\org\jboss\logging\jboss-logging\3.3.2.Final\jboss-logging-3.3.2.Final.jar;E:\repository\com\fasterxml\classmate\1.3.4\classmate-1.3.4.jar;E:\repository\org\springframework\spring-web\5.0.7.RELEASE\spring-web-5.0.7.RELEASE.jar;E:\repository\org\springframework\spring-beans\5.0.7.RELEASE\spring-beans-5.0.7.RELEASE.jar;E:\repository\org\springframework\spring-webmvc\5.0.7.RELEASE\spring-webmvc-5.0.7.RELEASE.jar;E:\repository\org\springframework\spring-expression\5.0.7.RELEASE\spring-expression-5.0.7.RELEASE.jar;E:\repository\org\mybatis\spring\boot\mybatis-spring-boot-starter\1.1.1\mybatis-spring-boot-starter-1.1.1.jar;E:\repository\org\mybatis\spring\boot\mybatis-spring-boot-autoconfigure\1.1.1\mybatis-spring-boot-autoconfigure-1.1.1.jar;E:\repository\org\mybatis\mybatis\3.4.0\mybatis-3.4.0.jar;E:\repository\org\mybatis\mybatis-spring\1.3.0\mybatis-spring-1.3.0.jar;E:\repository\org\springframework\boot\spring-boot-starter-jdbc\2.0.3.RELEASE\spring-boot-starter-jdbc-2.0.3.RELEASE.jar;E:\repository\com\zaxxer\HikariCP\2.7.9\HikariCP-2.7.9.jar;E:\repository\org\springframework\spring-jdbc\5.0.7.RELEASE\spring-jdbc-5.0.7.RELEASE.jar;E:\repository\mysql\mysql-connector-java\5.1.46\mysql-connector-java-5.1.46.jar;E:\repository\org\springframework\boot\spring-boot-starter-aop\2.0.3.RELEASE\spring-boot-starter-aop-2.0.3.RELEASE.jar;E:\repository\org\springframework\spring-aop\5.0.7.RELEASE\spring-aop-5.0.7.RELEASE.jar;E:\repository\org\aspectj\aspectjweaver\1.8.13\aspectjweaver-1.8.13.jar;E:\repository\org\springframework\boot\spring-boot-starter-data-redis\1.5.2.RELEASE\spring-boot-starter-data-redis-1.5.2.RELEASE.jar;E:\repository\org\springframework\data\spring-data-redis\2.0.8.RELEASE\spring-data-redis-2.0.8.RELEASE.jar;E:\repository\org\springframework\data\spring-data-keyvalue\2.0.8.RELEASE\spring-data-keyvalue-2.0.8.RELEASE.jar;E:\repository\org\springframework\data\spring-data-commons\2.0.8.RELEASE\spring-data-commons-2.0.8.RELEASE.jar;E:\repository\org\springframework\spring-tx\5.0.7.RELEASE\spring-tx-5.0.7.RELEASE.jar;E:\repository\org\springframework\spring-oxm\5.0.7.RELEASE\spring-oxm-5.0.7.RELEASE.jar;E:\repository\org\springframework\spring-context-support\5.0.7.RELEASE\spring-context-support-5.0.7.RELEASE.jar;E:\repository\redis\clients\jedis\2.9.0\jedis-2.9.0.jar;E:\repository\org\apache\commons\commons-pool2\2.5.0\commons-pool2-2.5.0.jar;E:\repository\com\alibaba\fastjson\1.2.32\fastjson-1.2.32.jar;E:\repository\org\apache\commons\commons-lang3\3.2.1\commons-lang3-3.2.1.jar;E:\repository\com\github\pagehelper\pagehelper\5.1.10\pagehelper-5.1.10.jar;E:\repository\com\github\jsqlparser\jsqlparser\2.0\jsqlparser-2.0.jar;E:\repository\org\apache\shiro\shiro-spring\1.4.0\shiro-spring-1.4.0.jar;E:\repository\org\apache\shiro\shiro-core\1.4.0\shiro-core-1.4.0.jar;E:\repository\org\apache\shiro\shiro-lang\1.4.0\shiro-lang-1.4.0.jar;E:\repository\org\apache\shiro\shiro-cache\1.4.0\shiro-cache-1.4.0.jar;E:\repository\org\apache\shiro\shiro-crypto-hash\1.4.0\shiro-crypto-hash-1.4.0.jar;E:\repository\org\apache\shiro\shiro-crypto-core\1.4.0\shiro-crypto-core-1.4.0.jar;E:\repository\org\apache\shiro\shiro-crypto-cipher\1.4.0\shiro-crypto-cipher-1.4.0.jar;E:\repository\org\apache\shiro\shiro-config-core\1.4.0\shiro-config-core-1.4.0.jar;E:\repository\org\apache\shiro\shiro-config-ogdl\1.4.0\shiro-config-ogdl-1.4.0.jar;E:\repository\commons-beanutils\commons-beanutils\1.9.3\commons-beanutils-1.9.3.jar;E:\repository\org\apache\shiro\shiro-event\1.4.0\shiro-event-1.4.0.jar;E:\repository\org\apache\shiro\shiro-web\1.4.0\shiro-web-1.4.0.jar;E:\repository\org\crazycake\shiro-redis\2.4.2.1-RELEASE\shiro-redis-2.4.2.1-RELEASE.jar;E:\repository\org\slf4j\slf4j-api\1.7.25\slf4j-api-1.7.25.jar;E:\repository\com\belerweb\pinyin4j\2.5.0\pinyin4j-2.5.0.jar;E:\repository\org\springframework\boot\spring-boot-starter-websocket\1.3.5.RELEASE\spring-boot-starter-websocket-1.3.5.RELEASE.jar;E:\repository\org\springframework\spring-messaging\5.0.7.RELEASE\spring-messaging-5.0.7.RELEASE.jar;E:\repository\org\springframework\spring-websocket\5.0.7.RELEASE\spring-websocket-5.0.7.RELEASE.jar;E:\repository\org\springframework\spring-test\5.0.7.RELEASE\spring-test-5.0.7.RELEASE.jar;E:\repository\org\apache\httpcomponents\httpclient\4.5.6\httpclient-4.5.6.jar;E:\repository\org\apache\httpcomponents\httpcore\4.4.9\httpcore-4.4.9.jar;E:\repository\commons-codec\commons-codec\1.11\commons-codec-1.11.jar;E:\repository\com\google\code\gson\gson\2.8.6\gson-2.8.6.jar;E:\repository\ch\qos\logback\logback-classic\1.2.3\logback-classic-1.2.3.jar;E:\repository\ch\qos\logback\logback-core\1.2.3\logback-core-1.2.3.jar;E:\repository\javax\persistence\persistence-api\1.0\persistence-api-1.0.jar;E:\repository\com\imanggis\common-service\1.0.0-SNAPSHOT\common-service-1.0.0-SNAPSHOT.jar;E:\repository\com\imanggis\common-model\1.0.0-SNAPSHOT\common-model-1.0.0-SNAPSHOT.jar;E:\repository\javax\persistence\javax.persistence-api\2.2\javax.persistence-api-2.2.jar;E:\repository\com\imanggis\common-web\1.0.0-SNAPSHOT\common-web-1.0.0-SNAPSHOT.jar;E:\repository\javax\servlet\javax.servlet-api\3.1.0\javax.servlet-api-3.1.0.jar;E:\repository\com\imanggis\common-util\1.0.0-SNAPSHOT\common-util-1.0.0-SNAPSHOT.jar;E:\repository\org\apache\commons\commons-collections4\4.1\commons-collections4-4.1.jar;E:\repository\commons-io\commons-io\2.6\commons-io-2.6.jar;E:\repository\com\aliyun\aliyun-java-sdk-core\3.7.1\aliyun-java-sdk-core-3.7.1.jar;E:\repository\org\json\json\20170516\json-20170516.jar;E:\repository\com\aliyun\aliyun-java-sdk-dysmsapi\1.1.0\aliyun-java-sdk-dysmsapi-1.1.0.jar;E:\repository\com\aliyun\mns\aliyun-sdk-mns\1.1.8\aliyun-sdk-mns-1.1.8-jar-with-dependencies.jar;E:\repository\org\apache\httpcomponents\httpasyncclient\4.1.3\httpasyncclient-4.1.3.jar;E:\repository\org\apache\httpcomponents\httpcore-nio\4.4.9\httpcore-nio-4.4.9.jar;E:\repository\commons-logging\commons-logging\1.1.3\commons-logging-1.1.3.jar;E:\repository\log4j\log4j\1.2.17\log4j-1.2.17.jar;E:\repository\com\aliyun\aliyun-java-sdk-push\3.10.0\aliyun-java-sdk-push-3.10.0.jar;E:\repository\com\aliyun\oss\aliyun-sdk-oss\2.8.2\aliyun-sdk-oss-2.8.2.jar;E:\repository\com\taobao\taobao-sdk-java\20170724\taobao-sdk-java-20170724.jar;E:\repository\net\sf\json-lib\json-lib\2.4\json-lib-2.4-jdk15.jar;E:\repository\commons-collections\commons-collections\3.2.1\commons-collections-3.2.1.jar;E:\repository\commons-lang\commons-lang\2.5\commons-lang-2.5.jar;E:\repository\net\sf\ezmorph\ezmorph\1.0.6\ezmorph-1.0.6.jar;E:\repository\org\jdom\jdom\1.1.3\jdom-1.1.3.jar;E:\repository\org\apache\httpcomponents\httpmime\4.5.5\httpmime-4.5.5.jar;E:\repository\org\freemarker\freemarker\2.3.28\freemarker-2.3.28.jar;E:\repository\javax\servlet\jsp\jstl\jstl\1.2\jstl-1.2.jar;E:\repository\javax\validation\validation-api\2.0.1.Final\validation-api-2.0.1.Final.jar;E:\repository\javax\el\javax.el-api\3.0.0\javax.el-api-3.0.0.jar;E:\repository\com\imanggis\ums-util\1.0.0-SNAPSHOT\ums-util-1.0.0-SNAPSHOT.jar;E:\repository\org\assertj\assertj-core\3.9.1\assertj-core-3.9.1.jar;"/>
    <property name="java.vm.vendor" value="Oracle Corporation"/>
    <property name="sun.arch.data.model" value="64"/>
    <property name="user.variant" value=""/>
    <property name="java.vendor.url" value="http://java.oracle.com/"/>
    <property name="user.timezone" value=""/>
    <property name="java.vm.specification.version" value="1.8"/>
    <property name="os.name" value="Windows 10"/>
    <property name="user.country" value="CN"/>
    <property name="sun.java.launcher" value="SUN_STANDARD"/>
    <property name="sun.boot.library.path" value="D:\Program Files\Java\jdk1.8.0_171\jre\bin"/>
    <property name="sun.java.command" value="C:\Users\86183\AppData\Local\Temp\surefire6461116444966769128\surefirebooter6915245044615475733.jar C:\Users\86183\AppData\Local\Temp\surefire6461116444966769128 2021-06-11T17-23-59_488-jvmRun1 surefire3402423470209323744tmp surefire_02613687051235829337tmp"/>
    <property name="surefire.test.class.path" value="E:\IDEA Workspace\ebnergy\target\test-classes;E:\IDEA Workspace\ebnergy\target\classes;E:\repository\org\springframework\boot\spring-boot-starter\2.0.3.RELEASE\spring-boot-starter-2.0.3.RELEASE.jar;E:\repository\org\springframework\boot\spring-boot\2.0.3.RELEASE\spring-boot-2.0.3.RELEASE.jar;E:\repository\org\springframework\spring-context\5.0.7.RELEASE\spring-context-5.0.7.RELEASE.jar;E:\repository\org\springframework\boot\spring-boot-autoconfigure\2.0.3.RELEASE\spring-boot-autoconfigure-2.0.3.RELEASE.jar;E:\repository\org\springframework\boot\spring-boot-starter-logging\2.0.3.RELEASE\spring-boot-starter-logging-2.0.3.RELEASE.jar;E:\repository\org\apache\logging\log4j\log4j-to-slf4j\2.10.0\log4j-to-slf4j-2.10.0.jar;E:\repository\org\apache\logging\log4j\log4j-api\2.10.0\log4j-api-2.10.0.jar;E:\repository\org\slf4j\jul-to-slf4j\1.7.25\jul-to-slf4j-1.7.25.jar;E:\repository\javax\annotation\javax.annotation-api\1.3.2\javax.annotation-api-1.3.2.jar;E:\repository\org\springframework\spring-core\5.0.7.RELEASE\spring-core-5.0.7.RELEASE.jar;E:\repository\org\springframework\spring-jcl\5.0.7.RELEASE\spring-jcl-5.0.7.RELEASE.jar;E:\repository\org\yaml\snakeyaml\1.19\snakeyaml-1.19.jar;E:\repository\org\springframework\boot\spring-boot-starter-test\2.0.3.RELEASE\spring-boot-starter-test-2.0.3.RELEASE.jar;E:\repository\org\springframework\boot\spring-boot-test\2.0.3.RELEASE\spring-boot-test-2.0.3.RELEASE.jar;E:\repository\org\springframework\boot\spring-boot-test-autoconfigure\2.0.3.RELEASE\spring-boot-test-autoconfigure-2.0.3.RELEASE.jar;E:\repository\com\jayway\jsonpath\json-path\2.4.0\json-path-2.4.0.jar;E:\repository\net\minidev\json-smart\2.3\json-smart-2.3.jar;E:\repository\net\minidev\accessors-smart\1.2\accessors-smart-1.2.jar;E:\repository\org\ow2\asm\asm\5.0.4\asm-5.0.4.jar;E:\repository\junit\junit\4.12\junit-4.12.jar;E:\repository\org\mockito\mockito-core\2.15.0\mockito-core-2.15.0.jar;E:\repository\net\bytebuddy\byte-buddy\1.7.11\byte-buddy-1.7.11.jar;E:\repository\net\bytebuddy\byte-buddy-agent\1.7.11\byte-buddy-agent-1.7.11.jar;E:\repository\org\objenesis\objenesis\2.6\objenesis-2.6.jar;E:\repository\org\hamcrest\hamcrest-core\1.3\hamcrest-core-1.3.jar;E:\repository\org\hamcrest\hamcrest-library\1.3\hamcrest-library-1.3.jar;E:\repository\org\skyscreamer\jsonassert\1.5.0\jsonassert-1.5.0.jar;E:\repository\com\vaadin\external\google\android-json\0.0.20131108.vaadin1\android-json-0.0.20131108.vaadin1.jar;E:\repository\org\xmlunit\xmlunit-core\2.5.1\xmlunit-core-2.5.1.jar;E:\repository\org\springframework\boot\spring-boot-starter-web\2.0.3.RELEASE\spring-boot-starter-web-2.0.3.RELEASE.jar;E:\repository\org\springframework\boot\spring-boot-starter-json\2.0.3.RELEASE\spring-boot-starter-json-2.0.3.RELEASE.jar;E:\repository\com\fasterxml\jackson\core\jackson-databind\2.9.6\jackson-databind-2.9.6.jar;E:\repository\com\fasterxml\jackson\core\jackson-annotations\2.9.0\jackson-annotations-2.9.0.jar;E:\repository\com\fasterxml\jackson\core\jackson-core\2.9.6\jackson-core-2.9.6.jar;E:\repository\com\fasterxml\jackson\datatype\jackson-datatype-jdk8\2.9.6\jackson-datatype-jdk8-2.9.6.jar;E:\repository\com\fasterxml\jackson\datatype\jackson-datatype-jsr310\2.9.6\jackson-datatype-jsr310-2.9.6.jar;E:\repository\com\fasterxml\jackson\module\jackson-module-parameter-names\2.9.6\jackson-module-parameter-names-2.9.6.jar;E:\repository\org\springframework\boot\spring-boot-starter-tomcat\2.0.3.RELEASE\spring-boot-starter-tomcat-2.0.3.RELEASE.jar;E:\repository\org\apache\tomcat\embed\tomcat-embed-core\8.5.31\tomcat-embed-core-8.5.31.jar;E:\repository\org\apache\tomcat\embed\tomcat-embed-el\8.5.31\tomcat-embed-el-8.5.31.jar;E:\repository\org\apache\tomcat\embed\tomcat-embed-websocket\8.5.31\tomcat-embed-websocket-8.5.31.jar;E:\repository\org\hibernate\validator\hibernate-validator\6.0.10.Final\hibernate-validator-6.0.10.Final.jar;E:\repository\org\jboss\logging\jboss-logging\3.3.2.Final\jboss-logging-3.3.2.Final.jar;E:\repository\com\fasterxml\classmate\1.3.4\classmate-1.3.4.jar;E:\repository\org\springframework\spring-web\5.0.7.RELEASE\spring-web-5.0.7.RELEASE.jar;E:\repository\org\springframework\spring-beans\5.0.7.RELEASE\spring-beans-5.0.7.RELEASE.jar;E:\repository\org\springframework\spring-webmvc\5.0.7.RELEASE\spring-webmvc-5.0.7.RELEASE.jar;E:\repository\org\springframework\spring-expression\5.0.7.RELEASE\spring-expression-5.0.7.RELEASE.jar;E:\repository\org\mybatis\spring\boot\mybatis-spring-boot-starter\1.1.1\mybatis-spring-boot-starter-1.1.1.jar;E:\repository\org\mybatis\spring\boot\mybatis-spring-boot-autoconfigure\1.1.1\mybatis-spring-boot-autoconfigure-1.1.1.jar;E:\repository\org\mybatis\mybatis\3.4.0\mybatis-3.4.0.jar;E:\repository\org\mybatis\mybatis-spring\1.3.0\mybatis-spring-1.3.0.jar;E:\repository\org\springframework\boot\spring-boot-starter-jdbc\2.0.3.RELEASE\spring-boot-starter-jdbc-2.0.3.RELEASE.jar;E:\repository\com\zaxxer\HikariCP\2.7.9\HikariCP-2.7.9.jar;E:\repository\org\springframework\spring-jdbc\5.0.7.RELEASE\spring-jdbc-5.0.7.RELEASE.jar;E:\repository\mysql\mysql-connector-java\5.1.46\mysql-connector-java-5.1.46.jar;E:\repository\org\springframework\boot\spring-boot-starter-aop\2.0.3.RELEASE\spring-boot-starter-aop-2.0.3.RELEASE.jar;E:\repository\org\springframework\spring-aop\5.0.7.RELEASE\spring-aop-5.0.7.RELEASE.jar;E:\repository\org\aspectj\aspectjweaver\1.8.13\aspectjweaver-1.8.13.jar;E:\repository\org\springframework\boot\spring-boot-starter-data-redis\1.5.2.RELEASE\spring-boot-starter-data-redis-1.5.2.RELEASE.jar;E:\repository\org\springframework\data\spring-data-redis\2.0.8.RELEASE\spring-data-redis-2.0.8.RELEASE.jar;E:\repository\org\springframework\data\spring-data-keyvalue\2.0.8.RELEASE\spring-data-keyvalue-2.0.8.RELEASE.jar;E:\repository\org\springframework\data\spring-data-commons\2.0.8.RELEASE\spring-data-commons-2.0.8.RELEASE.jar;E:\repository\org\springframework\spring-tx\5.0.7.RELEASE\spring-tx-5.0.7.RELEASE.jar;E:\repository\org\springframework\spring-oxm\5.0.7.RELEASE\spring-oxm-5.0.7.RELEASE.jar;E:\repository\org\springframework\spring-context-support\5.0.7.RELEASE\spring-context-support-5.0.7.RELEASE.jar;E:\repository\redis\clients\jedis\2.9.0\jedis-2.9.0.jar;E:\repository\org\apache\commons\commons-pool2\2.5.0\commons-pool2-2.5.0.jar;E:\repository\com\alibaba\fastjson\1.2.32\fastjson-1.2.32.jar;E:\repository\org\apache\commons\commons-lang3\3.2.1\commons-lang3-3.2.1.jar;E:\repository\com\github\pagehelper\pagehelper\5.1.10\pagehelper-5.1.10.jar;E:\repository\com\github\jsqlparser\jsqlparser\2.0\jsqlparser-2.0.jar;E:\repository\org\apache\shiro\shiro-spring\1.4.0\shiro-spring-1.4.0.jar;E:\repository\org\apache\shiro\shiro-core\1.4.0\shiro-core-1.4.0.jar;E:\repository\org\apache\shiro\shiro-lang\1.4.0\shiro-lang-1.4.0.jar;E:\repository\org\apache\shiro\shiro-cache\1.4.0\shiro-cache-1.4.0.jar;E:\repository\org\apache\shiro\shiro-crypto-hash\1.4.0\shiro-crypto-hash-1.4.0.jar;E:\repository\org\apache\shiro\shiro-crypto-core\1.4.0\shiro-crypto-core-1.4.0.jar;E:\repository\org\apache\shiro\shiro-crypto-cipher\1.4.0\shiro-crypto-cipher-1.4.0.jar;E:\repository\org\apache\shiro\shiro-config-core\1.4.0\shiro-config-core-1.4.0.jar;E:\repository\org\apache\shiro\shiro-config-ogdl\1.4.0\shiro-config-ogdl-1.4.0.jar;E:\repository\commons-beanutils\commons-beanutils\1.9.3\commons-beanutils-1.9.3.jar;E:\repository\org\apache\shiro\shiro-event\1.4.0\shiro-event-1.4.0.jar;E:\repository\org\apache\shiro\shiro-web\1.4.0\shiro-web-1.4.0.jar;E:\repository\org\crazycake\shiro-redis\2.4.2.1-RELEASE\shiro-redis-2.4.2.1-RELEASE.jar;E:\repository\org\slf4j\slf4j-api\1.7.25\slf4j-api-1.7.25.jar;E:\repository\com\belerweb\pinyin4j\2.5.0\pinyin4j-2.5.0.jar;E:\repository\org\springframework\boot\spring-boot-starter-websocket\1.3.5.RELEASE\spring-boot-starter-websocket-1.3.5.RELEASE.jar;E:\repository\org\springframework\spring-messaging\5.0.7.RELEASE\spring-messaging-5.0.7.RELEASE.jar;E:\repository\org\springframework\spring-websocket\5.0.7.RELEASE\spring-websocket-5.0.7.RELEASE.jar;E:\repository\org\springframework\spring-test\5.0.7.RELEASE\spring-test-5.0.7.RELEASE.jar;E:\repository\org\apache\httpcomponents\httpclient\4.5.6\httpclient-4.5.6.jar;E:\repository\org\apache\httpcomponents\httpcore\4.4.9\httpcore-4.4.9.jar;E:\repository\commons-codec\commons-codec\1.11\commons-codec-1.11.jar;E:\repository\com\google\code\gson\gson\2.8.6\gson-2.8.6.jar;E:\repository\ch\qos\logback\logback-classic\1.2.3\logback-classic-1.2.3.jar;E:\repository\ch\qos\logback\logback-core\1.2.3\logback-core-1.2.3.jar;E:\repository\javax\persistence\persistence-api\1.0\persistence-api-1.0.jar;E:\repository\com\imanggis\common-service\1.0.0-SNAPSHOT\common-service-1.0.0-SNAPSHOT.jar;E:\repository\com\imanggis\common-model\1.0.0-SNAPSHOT\common-model-1.0.0-SNAPSHOT.jar;E:\repository\javax\persistence\javax.persistence-api\2.2\javax.persistence-api-2.2.jar;E:\repository\com\imanggis\common-web\1.0.0-SNAPSHOT\common-web-1.0.0-SNAPSHOT.jar;E:\repository\javax\servlet\javax.servlet-api\3.1.0\javax.servlet-api-3.1.0.jar;E:\repository\com\imanggis\common-util\1.0.0-SNAPSHOT\common-util-1.0.0-SNAPSHOT.jar;E:\repository\org\apache\commons\commons-collections4\4.1\commons-collections4-4.1.jar;E:\repository\commons-io\commons-io\2.6\commons-io-2.6.jar;E:\repository\com\aliyun\aliyun-java-sdk-core\3.7.1\aliyun-java-sdk-core-3.7.1.jar;E:\repository\org\json\json\20170516\json-20170516.jar;E:\repository\com\aliyun\aliyun-java-sdk-dysmsapi\1.1.0\aliyun-java-sdk-dysmsapi-1.1.0.jar;E:\repository\com\aliyun\mns\aliyun-sdk-mns\1.1.8\aliyun-sdk-mns-1.1.8-jar-with-dependencies.jar;E:\repository\org\apache\httpcomponents\httpasyncclient\4.1.3\httpasyncclient-4.1.3.jar;E:\repository\org\apache\httpcomponents\httpcore-nio\4.4.9\httpcore-nio-4.4.9.jar;E:\repository\commons-logging\commons-logging\1.1.3\commons-logging-1.1.3.jar;E:\repository\log4j\log4j\1.2.17\log4j-1.2.17.jar;E:\repository\com\aliyun\aliyun-java-sdk-push\3.10.0\aliyun-java-sdk-push-3.10.0.jar;E:\repository\com\aliyun\oss\aliyun-sdk-oss\2.8.2\aliyun-sdk-oss-2.8.2.jar;E:\repository\com\taobao\taobao-sdk-java\20170724\taobao-sdk-java-20170724.jar;E:\repository\net\sf\json-lib\json-lib\2.4\json-lib-2.4-jdk15.jar;E:\repository\commons-collections\commons-collections\3.2.1\commons-collections-3.2.1.jar;E:\repository\commons-lang\commons-lang\2.5\commons-lang-2.5.jar;E:\repository\net\sf\ezmorph\ezmorph\1.0.6\ezmorph-1.0.6.jar;E:\repository\org\jdom\jdom\1.1.3\jdom-1.1.3.jar;E:\repository\org\apache\httpcomponents\httpmime\4.5.5\httpmime-4.5.5.jar;E:\repository\org\freemarker\freemarker\2.3.28\freemarker-2.3.28.jar;E:\repository\javax\servlet\jsp\jstl\jstl\1.2\jstl-1.2.jar;E:\repository\javax\validation\validation-api\2.0.1.Final\validation-api-2.0.1.Final.jar;E:\repository\javax\el\javax.el-api\3.0.0\javax.el-api-3.0.0.jar;E:\repository\com\imanggis\ums-util\1.0.0-SNAPSHOT\ums-util-1.0.0-SNAPSHOT.jar;E:\repository\org\assertj\assertj-core\3.9.1\assertj-core-3.9.1.jar;"/>
    <property name="sun.cpu.endian" value="little"/>
    <property name="user.home" value="C:\Users\86183"/>
    <property name="user.language" value="zh"/>
    <property name="java.specification.vendor" value="Oracle Corporation"/>
    <property name="java.home" value="D:\Program Files\Java\jdk1.8.0_171\jre"/>
    <property name="basedir" value="E:\IDEA Workspace\ebnergy"/>
    <property name="file.separator" value="\"/>
    <property name="line.separator" value="&#10;"/>
    <property name="java.vm.specification.vendor" value="Oracle Corporation"/>
    <property name="java.specification.name" value="Java Platform API Specification"/>
    <property name="java.awt.graphicsenv" value="sun.awt.Win32GraphicsEnvironment"/>
    <property name="surefire.real.class.path" value="C:\Users\86183\AppData\Local\Temp\surefire6461116444966769128\surefirebooter6915245044615475733.jar"/>
    <property name="sun.boot.class.path" value="D:\Program Files\Java\jdk1.8.0_171\jre\lib\resources.jar;D:\Program Files\Java\jdk1.8.0_171\jre\lib\rt.jar;D:\Program Files\Java\jdk1.8.0_171\jre\lib\sunrsasign.jar;D:\Program Files\Java\jdk1.8.0_171\jre\lib\jsse.jar;D:\Program Files\Java\jdk1.8.0_171\jre\lib\jce.jar;D:\Program Files\Java\jdk1.8.0_171\jre\lib\charsets.jar;D:\Program Files\Java\jdk1.8.0_171\jre\lib\jfr.jar;D:\Program Files\Java\jdk1.8.0_171\jre\classes"/>
    <property name="user.script" value=""/>
    <property name="sun.management.compiler" value="HotSpot 64-Bit Tiered Compilers"/>
    <property name="java.runtime.version" value="1.8.0_171-b11"/>
    <property name="user.name" value="jiangzheng"/>
    <property name="path.separator" value=";"/>
    <property name="os.version" value="10.0"/>
    <property name="java.endorsed.dirs" value="D:\Program Files\Java\jdk1.8.0_171\jre\lib\endorsed"/>
    <property name="java.runtime.name" value="Java(TM) SE Runtime Environment"/>
    <property name="file.encoding" value="GBK"/>
    <property name="java.vm.name" value="Java HotSpot(TM) 64-Bit Server VM"/>
    <property name="localRepository" value="E:\repository"/>
    <property name="java.vendor.url.bug" value="http://bugreport.sun.com/bugreport/"/>
    <property name="java.io.tmpdir" value="C:\Users\86183\AppData\Local\Temp\"/>
    <property name="java.version" value="1.8.0_171"/>
    <property name="user.dir" value="E:\IDEA Workspace\ebnergy"/>
    <property name="os.arch" value="amd64"/>
    <property name="java.vm.specification.name" value="Java Virtual Machine Specification"/>
    <property name="java.awt.printerjob" value="sun.awt.windows.WPrinterJob"/>
    <property name="sun.os.patch.level" value=""/>
    <property name="java.library.path" value="D:\Program Files\Java\jdk1.8.0_171\jre\bin;C:\Windows\Sun\Java\bin;C:\Windows\system32;C:\Windows;D:\IDEA2020\IntelliJ IDEA 2019.1.4\jre64\\bin;D:\IDEA2020\IntelliJ IDEA 2019.1.4\jre64\\bin\server;C:\Program Files (x86)\Common Files\Oracle\Java\javapath;C:\Windows\system32;C:\Windows;C:\Windows\System32\Wbem;C:\Windows\System32\WindowsPowerShell\v1.0\;C:\Windows\System32\OpenSSH\;D:\Program Files\Java\jdk1.8.0_171\bin;D:\Program Files\Java\jdk1.8.0_171\jre\bin;d:\Program Files\Git\cmd;C:\Program Files\MySQL\MySQL Server 5.7\bin;D:\nodejs\;C:\Users\86183\AppData\Local\Microsoft\WindowsApps;C:\Users\86183\AppData\Roaming\npm;D:\Microsoft VS Code\bin;."/>
    <property name="idea.version2019.1.4" value="true"/>
    <property name="java.vm.info" value="mixed mode"/>
    <property name="java.vendor" value="Oracle Corporation"/>
    <property name="java.vm.version" value="25.171-b11"/>
    <property name="java.ext.dirs" value="D:\Program Files\Java\jdk1.8.0_171\jre\lib\ext;C:\Windows\Sun\Java\lib\ext"/>
    <property name="sun.io.unicode.encoding" value="UnicodeLittle"/>
    <property name="maven.repo.local" value="E:\repository"/>
    <property name="java.class.version" value="52.0"/>
  </properties>
  <testcase name="contextLoads" classname="org.one.OneStudioApplicationTests" time="0.094"/>
</testsuite>